[debug] [2020-01-07T13:20:18.851Z] ----------------------------------------------------------------------
[debug] [2020-01-07T13:20:18.854Z] Command:       C:\Program Files\nodejs\node.exe C:\Users\elia\AppData\Roaming\npm\node_modules\firebase-tools\lib\bin\firebase.js firestore
[debug] [2020-01-07T13:20:18.854Z] CLI Version:   7.11.0
[debug] [2020-01-07T13:20:18.854Z] Platform:      win32
[debug] [2020-01-07T13:20:18.854Z] Node Version:  v12.6.0
[debug] [2020-01-07T13:20:18.855Z] Time:          Tue Jan 07 2020 15:20:18 GMT+0200 (Israel Standard Time)
[debug] [2020-01-07T13:20:18.855Z] ----------------------------------------------------------------------
[debug] [2020-01-07T13:20:18.855Z] 
[error] Error: [object Object] is not a Firebase command
[debug] [2020-01-07T13:20:18.862Z] TypeError: str.toLowerCase is not a function
    at didYouMean (C:\Users\elia\AppData\Roaming\npm\node_modules\firebase-tools\node_modules\didyoumean\didYouMean-1.2.1.js:147:48)
    at suggestCommands (C:\Users\elia\AppData\Roaming\npm\node_modules\firebase-tools\lib\index.js:28:22)
    at Command.<anonymous> (C:\Users\elia\AppData\Roaming\npm\node_modules\firebase-tools\lib\index.js:57:14)
    at Command.listener (C:\Users\elia\AppData\Roaming\npm\node_modules\firebase-tools\node_modules\commander\index.js:360:8)
    at Command.emit (events.js:203:13)
    at Command.EventEmitter.emit (domain.js:471:20)
    at Command.parseArgs (C:\Users\elia\AppData\Roaming\npm\node_modules\firebase-tools\node_modules\commander\index.js:801:12)
    at Command.parse (C:\Users\elia\AppData\Roaming\npm\node_modules\firebase-tools\node_modules\commander\index.js:563:21)
    at Object.<anonymous> (C:\Users\elia\AppData\Roaming\npm\node_modules\firebase-tools\lib\bin\firebase.js:98:22)
    at Module._compile (internal/modules/cjs/loader.js:776:30)
    at Object.Module._extensions..js (internal/modules/cjs/loader.js:787:10)
    at Module.load (internal/modules/cjs/loader.js:643:32)
    at Function.Module._load (internal/modules/cjs/loader.js:556:12)
    at Function.Module.runMain (internal/modules/cjs/loader.js:839:10)
    at internal/main/run_main_module.js:17:11
[error] 
[error] Error: An unexpected error has occurred.
